p/home/bc/v/ovideo-1/src/_prepare
p/home/bc/v/ovideo-1/src/_prepare
n./pipe.s
p/home/bc/v/ovideo-1/src/_prepare
n../_include/include.h
p/home/bc/v/ovideo-1/src/_include
n./files/commons.h
dNULL
dFALSE
dTRUE
dBYTE
dWORD
dDWORD
dQWORD
dSEEK_SET
dSEEK_CUR
dSEEK_END
dbitsperbyte
dBI_RGB
deax
decx
dedx
dto_regopcode
dto_mod
dmod_disp8
dmod_reg
e
p/home/bc/v/ovideo-1/src/_include
n./files/olang.h
dnoerror
derror
dvoid
ddword_max
dformat_max
ddword_null
dsign_int_null
dmainwinEditIndex
dmainwinDrawIndex
dmainwinButtonsIndex
dmainwinStageIndex
ddifferentCompare
dequalCompare
dstringinteger
dstringUinteger
dstringstring
dvideo
daudio
daudiovideo
dsearch_preferences_uri_index
dsearch_preferences_wrap_index
dstage_bpp
dstage_f_length_get
dget_rgb
dset_rgb
dbuttons_panel_open
dbuttons_panel_close
dstage_frame_form_data_width
dstage_frame_form_data_height
dstage_frame_form_data_color
dstage_frame_form_data_pixbuf
duncover
dcover
dout_effect
dvalue_set
dvalue_get
dvalue_run
dvalue_unset
dvalue_item
dvalue_extra
dvalue_append
dvalue_insert
dvalue_write
dvalue_filewrite
dvalue_custom
dformat_raw
dformat_avi
dformat_avi_raw
dformat_avi_i420
dformat_avi_mjpg
dformat_avi_xvid
dformat_avi_last
dformat_mxf
dformat_mkv
dformat_mkv_i420
dformat_mkv_mjpg
dformat_mkv_xvid
dformat_mkv_rgb24
dformat_mkv_last
dsound_endian_def
djpeg_min_quality
djpeg_max_quality
dwrite_file
dread_file
dint16
dint32
dstage_frame_time_init
dstage_frame_time_append
dstage_frame_time_free
dstage_frame_time_get_at_index
dstage_frame_time_set_frame_length
dstage_frame_time_insert
dstage_frame_time_delete_frame
dstage_frame_time_sum_at_index
dstage_frame_time_total_sum
dget_buffer
dcapture_flag_off
dcapture_flag_on
davi_new
davi_expand
e
p/home/bc/v/ovideo-1/src/_include
n./files/gtk.h
dGTK_STATE_NORMAL
dGTK_WINDOW_TOPLEVEL
dGTK_EXPAND
dGTK_FILL
dGTK_BUTTONS_OK
dGTK_DIALOG_MODAL
dGTK_DIALOG_DESTROY_WITH_PARENT
dGTK_FILE_CHOOSER_ACTION_OPEN
dGTK_MESSAGE_INFO
dGTK_POLICY_ALWAYS
dGTK_POLICY_AUTOMATIC
dGTK_RESPONSE_ACCEPT
dGTK_RESPONSE_OK
dGTK_RESPONSE_CANCEL
e
p/home/bc/v/ovideo-1/src/_include
n./files/gdk.h
dGDK_LEFT_PTR
dGDK_PENCIL
dGDK_POINTER_MOTION_MASK
dGDK_BUTTON_PRESS_MASK
dGDK_BUTTON1_MASK
dGDK_RGB_DITHER_NONE
dpixbuf_minbps
dpixbuf_minnchan
dGDK_COLORSPACE_RGB
dev_expose_left
dev_expose_width
e
p/home/bc/v/ovideo-1/src/_include
n./files/gobject.h
dG_SIGNAL_MATCH_FUNC
dG_SIGNAL_MATCH_DATA
e
p/home/bc/v/ovideo-1/src/_include
n./files/gst.h
dGST_CLOCK_TIME_NONE_lowhigh
dGST_STATE_CHANGE_FAILURE
dGST_STATE_NULL
dGST_STATE_PLAYING
dGST_FORMAT_TIME
dGST_FLOW_OK
dGST_SECOND
dGST_DISCOVERER_OK
dGST_DISCOVERER_URI_INVALID
dGST_DISCOVERER_ERROR
dGST_DISCOVERER_TIMEOUT
dGST_DISCOVERER_BUSY
dGST_DISCOVERER_MISSING_PLUGINS
dGST_ITERATOR_ERROR
e
p/home/bc/v/ovideo-1/src/_include
n./files/net.h
dHTTP_STATUS_OK
e
p/home/bc/v/ovideo-1/src/_include
n./files/ascii.h
dLineFeed
dSlash
d_0
d_1
d_2
d_4
dA
dC
dD
dE
dF
dG
dI
dJ
dL
dM
dN
dO
dP
dR
dS
dT
dU
dV
dW
d_
da
dc
dd
de
dh
di
dk
dl
dm
dn
do
dp
dr
ds
dt
du
dv
e
p/home/bc/v/ovideo-1/src/_include
n./files/jpeg.h
p/home/bc/v/ovideo-1/src/_include/files
njpeg~w.h
djdestruct_size_win
djdestruct_output_width_win
djdestruct_output_height_win
djdestruct_output_components_win
e
djerr_size
djdestruct_size_lin
djdestruct_size
dJPOOL_IMAGE
e
p/home/bc/v/ovideo-1/src/_include
n./files/mpeg.h
dquant_base
dDEFAULT_QUANT
ddefault_scaler
dVLC_code
dVLC_len
dVLC_size
dESCAPE1
dESCAPE2
dESCAPE3
dif_needed
dalways
dI_VOP
dP_VOP
dB_VOP
dvalue_get_prev
dINTRA
dSKIP
davc_sequence_param
davc_picture_param
davc_frame0_headers
davc_frame
davc_keyint_max
davc_pic_init_qp
davc_ctxstate_size
davc_ctxstate_total
davc_ctxstate_state
davc_ctxstate_mps
davc_ctxstate_count
dSLICE_TYPE_P
dSLICE_TYPE_I
davc_mb_cache_units
davc_mb_cache_size
davc_mb_type_offset
davc_mb_cbp_offset
davc_mb_cache_offset
davc_mb_size
davc_I_16x16
davc_P_SKIP
dmp3_channels
dmp3_samplerate
dmp3_bitspersample
dmp3_bytespersample
dmp3_blockalign
dsamp_per_frame
dsamp_per_frame2
dgr_info_part2_3_length
dgr_info_big_values
dgr_info_global_gain
dgr_info_table_select_0
dgr_info_table_select_1
dgr_info_table_select_2
dgr_info_region0_count
dgr_info_region1_count
dgr_info_count1table_select
dgr_info_count1
dgr_info_quantizerStepSize
dgr_info_channelSize
dSBLIMIT
dl3_sb_sample_band_size
dl3_sb_sample_granule_size
dl3_sb_sample_channel_size
dl3_sb_sample_size
dl3_sb_sample_units
dmdct_freq_channel_size
dmdct_freq_granule_size
dhuffman_xlen
dhuffman_ylen
dhuffman_linbits
dhuffman_linmax
dhuffman_entry
dbuffer_channel_size
dbuffer_size
e
e
istage_get_frames_container
iwidget_get_children_number
istrdworddisp
itexter
iwidget_position_in_container
istage_frame_unit_select
ilink_mass_remove
istage_frame_time_numbers
istage_file_options_fps
irest
imultiple_of_nr
istage_sel_reparent
istage_redraw
dimg_folder_start
dimg_folder_size
dedit_folder_start
dedit_folder_size
dunselected_bmp_start
dunselected_bmp_size
imove_to_share_core
ieventboxfield
iconnect_signal
iobject_set_dword_name
istage_sel_img_listen
istage_unselected_frame
idefault_unref_ptr
imsgelement_pixbuf
istage_prepare_uri_pos
istage_prepare_uri_first
istage_prepare_uri_last
iconnect_signal_data
idefault_error_ptr
iallocsum_null
ilaunch_pipe_start
dstage_pipeline
ibus_signals_data
e
funselectedframe
fselectedframe
fstage_start_pipe
fstage_get_pipeline
fstage_set_pipeline
cNULL
cFALSE
cTRUE
cQWORD
cSEEK_SET
cSEEK_CUR
cSEEK_END
cbitsperbyte
cBI_RGB
ceax
cecx
cedx
cmod_disp8
cmod_reg
cerror
cformat_max
cdword_null
csign_int_null
cmainwinStageIndex
cdifferentCompare
cequalCompare
cstringinteger
cstringUinteger
cstringstring
caudiovideo
csearch_preferences_wrap_index
cstage_bpp
cstage_f_length_get
cget_rgb
cset_rgb
cbuttons_panel_open
cbuttons_panel_close
cstage_frame_form_data_width
cstage_frame_form_data_height
cstage_frame_form_data_color
cstage_frame_form_data_pixbuf
cuncover
ccover
cout_effect
cvalue_set
cvalue_get
cvalue_run
cvalue_unset
cvalue_item
cvalue_append
cvalue_insert
cvalue_filewrite
cformat_raw
cformat_avi_raw
cformat_avi_i420
cformat_avi_mjpg
cformat_mkv_i420
cformat_mkv_mjpg
cformat_mkv_xvid
cformat_mkv_last
csound_endian_def
cjpeg_min_quality
cjpeg_max_quality
cwrite_file
cread_file
cint16
cint32
cstage_frame_time_init
cstage_frame_time_free
cstage_frame_time_get_at_index
cstage_frame_time_set_frame_length
cstage_frame_time_insert
cstage_frame_time_delete_frame
cget_buffer
ccapture_flag_off
ccapture_flag_on
cavi_new
cavi_expand
cGTK_STATE_NORMAL
cGTK_WINDOW_TOPLEVEL
cGTK_EXPAND
cGTK_FILL
cGTK_BUTTONS_OK
cGTK_DIALOG_MODAL
cGTK_DIALOG_DESTROY_WITH_PARENT
cGTK_FILE_CHOOSER_ACTION_OPEN
cGTK_MESSAGE_INFO
cGTK_POLICY_ALWAYS
cGTK_POLICY_AUTOMATIC
cGTK_RESPONSE_ACCEPT
cGTK_RESPONSE_OK
cGTK_RESPONSE_CANCEL
cGDK_LEFT_PTR
cGDK_PENCIL
cGDK_POINTER_MOTION_MASK
cGDK_BUTTON1_MASK
cGDK_RGB_DITHER_NONE
cpixbuf_minbps
cpixbuf_minnchan
cGDK_COLORSPACE_RGB
cev_expose_left
cev_expose_width
cG_SIGNAL_MATCH_FUNC
cG_SIGNAL_MATCH_DATA
cGST_CLOCK_TIME_NONE_lowhigh
cGST_STATE_CHANGE_FAILURE
cGST_STATE_NULL
cGST_STATE_PLAYING
cGST_FORMAT_TIME
cGST_FLOW_OK
cGST_SECOND
cGST_DISCOVERER_OK
cGST_DISCOVERER_URI_INVALID
cGST_DISCOVERER_ERROR
cGST_DISCOVERER_TIMEOUT
cGST_DISCOVERER_BUSY
cGST_DISCOVERER_MISSING_PLUGINS
cGST_ITERATOR_ERROR
cHTTP_STATUS_OK
cLineFeed
cSlash
c_0
c_1
c_2
c_4
cA
cC
cD
cE
cF
cG
cI
cJ
cL
cM
cN
cO
cP
cR
cS
cT
cU
cV
cW
c_
ca
cc
cd
ce
ch
ci
ck
cl
cm
cn
co
cp
cr
cs
ct
cu
cv
cjdestruct_size_win
cjdestruct_output_width_win
cjdestruct_output_height_win
cjdestruct_output_components_win
cjerr_size
cjdestruct_size
cJPOOL_IMAGE
cDEFAULT_QUANT
cdefault_scaler
cVLC_code
cVLC_len
cVLC_size
cESCAPE1
cESCAPE2
cESCAPE3
cif_needed
calways
cI_VOP
cP_VOP
cB_VOP
cvalue_get_prev
cINTRA
cSKIP
cavc_sequence_param
cavc_picture_param
cavc_frame0_headers
cavc_frame
cavc_keyint_max
cavc_pic_init_qp
cavc_ctxstate_size
cavc_ctxstate_total
cavc_ctxstate_state
cavc_ctxstate_mps
cavc_ctxstate_count
cSLICE_TYPE_P
cSLICE_TYPE_I
cavc_mb_size
cavc_I_16x16
cavc_P_SKIP
cmp3_samplerate
cmp3_blockalign
cgr_info_channelSize
cl3_sb_sample_units
cmdct_freq_granule_size
chuffman_entry
cbuffer_size
